#
# There is insufficient memory for the Java Runtime Environment to continue.
# Native memory allocation (malloc) failed to allocate 1048576 bytes for AllocateHeap
# Possible reasons:
#   The system is out of physical RAM or swap space
#   The process is running with CompressedOops enabled, and the Java Heap may be blocking the growth of the native heap
# Possible solutions:
#   Reduce memory load on the system
#   Increase physical memory or swap space
#   Check if swap backing store is full
#   Decrease Java heap size (-Xmx/-Xms)
#   Decrease number of Java threads
#   Decrease Java thread stack sizes (-Xss)
#   Set larger code cache with -XX:ReservedCodeCacheSize=
#   JVM is running with Zero Based Compressed Oops mode in which the Java heap is
#     placed in the first 32GB address space. The Java Heap base address is the
#     maximum limit for the native heap growth. Please use -XX:HeapBaseMinAddress
#     to set the Java Heap base and to place the Java Heap above 32GB virtual address.
# This output file may be truncated or incomplete.
#
#  Out of Memory Error (memory/allocation.inline.hpp:61), pid=14744, tid=0x0000000000003b44
#
# JRE version:  (8.0_292-b10) (build )
# Java VM: OpenJDK 64-Bit Server VM (25.292-b10 mixed mode windows-amd64 compressed oops)
# Failed to write core dump. Minidumps are not enabled by default on client versions of Windows
#

---------------  T H R E A D  ---------------

Current thread (0x0000025a2b5ff800):  JavaThread "Unknown thread" [_thread_in_vm, id=15172, stack(0x000000f594b00000,0x000000f594c00000)]

Stack: [0x000000f594b00000,0x000000f594c00000]
[error occurred during error reporting (printing stack bounds), id 0xc0000005]

Native frames: (J=compiled Java code, j=interpreted, Vv=VM code, C=native code)


---------------  P R O C E S S  ---------------

Java Threads: ( => current thread )

Other Threads:

=>0x0000025a2b5ff800 (exited) JavaThread "Unknown thread" [_thread_in_vm, id=15172, stack(0x000000f594b00000,0x000000f594c00000)]

VM state:not at safepoint (normal execution)

VM Mutex/Monitor currently owned by a thread: None

heap address: 0x00000006c3a00000, size: 4038 MB, Compressed Oops mode: Zero based, Oop shift amount: 3
Narrow klass base: 0x0000000000000000, Narrow klass shift: 3
Compressed class space size: 1073741824 Address: 0x00000007c0000000

Heap:
 PSYoungGen      total 75776K, used 1300K [0x000000076be00000, 0x0000000771280000, 0x00000007c0000000)
  eden space 65024K, 2% used [0x000000076be00000,0x000000076bf451f8,0x000000076fd80000)
  from space 10752K, 0% used [0x0000000770800000,0x0000000770800000,0x0000000771280000)
  to   space 10752K, 0% used [0x000000076fd80000,0x000000076fd80000,0x0000000770800000)
 ParOldGen       total 173568K, used 0K [0x00000006c3a00000, 0x00000006ce380000, 0x000000076be00000)
  object space 173568K, 0% used [0x00000006c3a00000,0x00000006c3a00000,0x00000006ce380000)
 Metaspace       used 781K, capacity 4480K, committed 4480K, reserved 1056768K
  class space    used 76K, capacity 384K, committed 384K, reserved 1048576K

Card table byte_map: [0x0000025a3c360000,0x0000025a3cb50000] byte_map_base: 0x0000025a38d43000

Marking Bits: (ParMarkBitMap*) 0x000000006643f7f0
 Begin Bits: [0x0000025a3d0a0000, 0x0000025a40fb8000)
 End Bits:   [0x0000025a40fb8000, 0x0000025a44ed0000)

Polling page: 0x0000025a2b950000

CodeCache: size=245760Kb used=328Kb max_used=328Kb free=245431Kb
 bounds [0x0000025a2cfa0000, 0x0000025a2d210000, 0x0000025a3bfa0000]
 total_blobs=57 nmethods=0 adapters=38
 compilation: enabled

Compilation events (0 events):
No events

GC Heap History (0 events):
No events

Deoptimization events (0 events):
No events

Classes redefined (0 events):
No events

Internal exceptions (0 events):
No events

Events (10 events):
Event: 0.043 loading class java/lang/Short
Event: 0.043 loading class java/lang/Short done
Event: 0.043 loading class java/lang/Integer
Event: 0.043 loading class java/lang/Integer done
Event: 0.043 loading class java/lang/Long
Event: 0.043 loading class java/lang/Long done
Event: 0.045 loading class java/lang/NullPointerException
Event: 0.045 loading class java/lang/NullPointerException done
Event: 0.045 loading class java/lang/ArithmeticException
Event: 0.045 loading class java/lang/ArithmeticException done


Dynamic libraries:
0x00007ff6984c0000 - 0x00007ff6984fa000 	C:\Users\Eslam Khder\.jdks\corretto-1.8.0_292\bin\java.exe
0x00007fffbbad0000 - 0x00007fffbbcc5000 	C:\WINDOWS\SYSTEM32\ntdll.dll
0x00007fffbb9d0000 - 0x00007fffbba8d000 	C:\WINDOWS\System32\KERNEL32.DLL
0x00007fffb92c0000 - 0x00007fffb9589000 	C:\WINDOWS\System32\KERNELBASE.dll
0x00007fffba430000 - 0x00007fffba4dc000 	C:\WINDOWS\System32\ADVAPI32.dll
0x00007fffbad90000 - 0x00007fffbae2e000 	C:\WINDOWS\System32\msvcrt.dll
0x00007fffb9b40000 - 0x00007fffb9bdb000 	C:\WINDOWS\System32\sechost.dll
0x00007fffbae40000 - 0x00007fffbaf6a000 	C:\WINDOWS\System32\RPCRT4.dll
0x00007fffbafe0000 - 0x00007fffbb180000 	C:\WINDOWS\System32\USER32.dll
0x00007fffb9810000 - 0x00007fffb9832000 	C:\WINDOWS\System32\win32u.dll
0x00007fffbacb0000 - 0x00007fffbacda000 	C:\WINDOWS\System32\GDI32.dll
0x00007fffb99d0000 - 0x00007fffb9adb000 	C:\WINDOWS\System32\gdi32full.dll
0x00007fffb96e0000 - 0x00007fffb977d000 	C:\WINDOWS\System32\msvcp_win.dll
0x00007fffb9590000 - 0x00007fffb9690000 	C:\WINDOWS\System32\ucrtbase.dll
0x00007fffb8600000 - 0x00007fffb889a000 	C:\WINDOWS\WinSxS\amd64_microsoft.windows.common-controls_6595b64144ccf1df_6.0.19041.1052_none_60b8f8fd71f5e8cb\COMCTL32.dll
0x00007fffbb240000 - 0x00007fffbb270000 	C:\WINDOWS\System32\IMM32.DLL
0x00007fff94ba0000 - 0x00007fff94c8f000 	C:\Users\Eslam Khder\.jdks\corretto-1.8.0_292\jre\bin\msvcr120.dll
0x00007fffad4e0000 - 0x00007fffad586000 	C:\Users\Eslam Khder\.jdks\corretto-1.8.0_292\jre\bin\msvcp120.dll
0x0000000065c50000 - 0x00000000664be000 	C:\Users\Eslam Khder\.jdks\corretto-1.8.0_292\jre\bin\server\jvm.dll
0x00007fffbb9c0000 - 0x00007fffbb9c8000 	C:\WINDOWS\System32\PSAPI.DLL
0x00007fff9f970000 - 0x00007fff9f997000 	C:\WINDOWS\SYSTEM32\WINMM.dll
0x00007fffb3290000 - 0x00007fffb3299000 	C:\WINDOWS\SYSTEM32\WSOCK32.dll
0x00007fffb2460000 - 0x00007fffb246a000 	C:\WINDOWS\SYSTEM32\VERSION.dll
0x00007fffbb5d0000 - 0x00007fffbb63b000 	C:\WINDOWS\System32\WS2_32.dll
0x00007fffb3d50000 - 0x00007fffb3d5f000 	C:\Users\Eslam Khder\.jdks\corretto-1.8.0_292\jre\bin\verify.dll
0x00007fffb2290000 - 0x00007fffb22b9000 	C:\Users\Eslam Khder\.jdks\corretto-1.8.0_292\jre\bin\java.dll
0x00007fffa5b20000 - 0x00007fffa5b4a000 	C:\Users\Eslam Khder\.jdks\corretto-1.8.0_292\jre\bin\instrument.dll
0x00007fffabb80000 - 0x00007fffabb96000 	C:\Users\Eslam Khder\.jdks\corretto-1.8.0_292\jre\bin\zip.dll

VM Arguments:
jvm_args: -ea -Didea.test.cyclic.buffer.size=1048576 -javaagent:C:\Program Files\JetBrains\IntelliJ IDEA 2021.1.2\lib\idea_rt.jar=50053:C:\Program Files\JetBrains\IntelliJ IDEA 2021.1.2\bin -Dfile.encoding=UTF-8 
java_command: com.intellij.rt.junit.JUnitStarter -ideVersion5 -junit5 com.spring.junit.StudentTest
java_class_path (initial): C:\Program Files\JetBrains\IntelliJ IDEA 2021.1.2\lib\idea_rt.jar;C:\Users\Eslam Khder\.m2\repository\org\junit\platform\junit-platform-launcher\1.7.2\junit-platform-launcher-1.7.2.jar;C:\Program Files\JetBrains\IntelliJ IDEA 2021.1.2\plugins\junit\lib\junit5-rt.jar;C:\Program Files\JetBrains\IntelliJ IDEA 2021.1.2\plugins\junit\lib\junit-rt.jar;C:\Users\Eslam Khder\.jdks\corretto-1.8.0_292\jre\lib\charsets.jar;C:\Users\Eslam Khder\.jdks\corretto-1.8.0_292\jre\lib\ext\access-bridge-64.jar;C:\Users\Eslam Khder\.jdks\corretto-1.8.0_292\jre\lib\ext\cldrdata.jar;C:\Users\Eslam Khder\.jdks\corretto-1.8.0_292\jre\lib\ext\dnsns.jar;C:\Users\Eslam Khder\.jdks\corretto-1.8.0_292\jre\lib\ext\jaccess.jar;C:\Users\Eslam Khder\.jdks\corretto-1.8.0_292\jre\lib\ext\jfxrt.jar;C:\Users\Eslam Khder\.jdks\corretto-1.8.0_292\jre\lib\ext\localedata.jar;C:\Users\Eslam Khder\.jdks\corretto-1.8.0_292\jre\lib\ext\nashorn.jar;C:\Users\Eslam Khder\.jdks\corretto-1.8.0_292\jre\lib\ext\sunec.jar;C:\Users\Eslam Khder\.jdks\corretto-1.8.0_292\jre\lib\ext\sunjce_provider.jar;C:\Users\Eslam Khder\.jdks\corretto-1.8.0_292\jre\lib\ext\sunmscapi.jar;C:\Users\Eslam Khder\.jdks\corretto-1.8.0_292\jre\lib\ext\sunpkcs11.jar;C:\Users\Eslam Khder\.jdks\corretto-1.8.0_292\jre\lib\ext\zipfs.jar;C:\Users\Eslam Khder\.jdks\corretto-1.8.0_292\jre\lib\jce.jar;C:\Users\Eslam Khder\.jdks\corretto-1.8.0_292\jre\lib\jfr.jar;C:\Users\Eslam Khder\.jdks\corretto-1.8.0_292\jre\lib\jfxswt.jar;C:\Users\Eslam Khder\.jdks\corretto-1.8.0_292\jre\lib\jsse.jar;C:\Users\Eslam Khder\.jdks\corretto-1.8.0_292\jre\lib\management-agent.jar;C:\Users\Eslam Khder\.jdks\corretto-1.8.0_292\jre\lib\resources.jar;C:\Users\Eslam Khder\.jdks\corretto-1.8.0_292\jre\lib\rt.jar;E:\spring-testing\spring-test\target\test-classes;E:\spring-testing\spring-test\target\classes;C:\Users\Eslam Khder\.m2\repository\org\springframework\boot\spring-boot-starter-web\2.5.2\spring-boot-starter-web-2.5.2.jar;C:\Users\Eslam Khder\.m
Launcher Type: SUN_STANDARD

Environment Variables:
JAVA_HOME=C:\Program Files (x86)\Java\jdk1.8.0_291
PATH=C:\Python39\Scripts\;C:\Python39\;C:\Program Files (x86)\Common Files\Oracle\Java\javapath;C:\Program Files\Common Files\Oracle\Java\javapath;C:\ProgramData\Oracle\Java\javapath;C:\WINDOWS\system32;C:\WINDOWS;C:\WINDOWS\System32\Wbem;C:\WINDOWS\System32\WindowsPowerShell\v1.0\;C:\Program Files\Microsoft SQL Server\Client SDK\ODBC\170\Tools\Binn\;C:\Program Files (x86)\Microsoft SQL Server\150\Tools\Binn\;C:\Program Files\Microsoft SQL Server\150\Tools\Binn\;C:\Program Files\Microsoft SQL Server\150\DTS\Binn\;C:\Program Files (x86)\Microsoft SQL Server\150\DTS\Binn\;C:\Program Files\Azure Data Studio\bin;C:\apache-maven-3.8.1\bin;C:\WINDOWS\System32\OpenSSH\;C:\Program Files\Git\cmd;C:\Program Files\Git\mingw64\bin;C:\Program Files\Git\usr\bin;C:\Program Files (x86)\Java\jdk1.8.0_291\bin;C:\Program Files\nodejs\;C:\ProgramData\chocolatey\bin;C:\Users\Eslam Khder\AppData\Local\Microsoft\WindowsApps;;C:\Program Files\JetBrains\IntelliJ IDEA 2021.1.2\bin;;C:\Program Files\Azure Data Studio\bin;C:\Users\Eslam Khder\AppData\Roaming\npm
USERNAME=Eslam Khder
OS=Windows_NT
PROCESSOR_IDENTIFIER=Intel64 Family 6 Model 126 Stepping 5, GenuineIntel



---------------  S Y S T E M  ---------------

OS: Windows 10.0 , 64 bit Build 19041 (10.0.19041.1023)

CPU:total 8 (initial active 8) (4 cores per cpu, 2 threads per core) family 6 model 126 stepping 5, cmov, cx8, fxsr, mmx, sse, sse2, sse3, ssse3, sse4.1, sse4.2, popcnt, avx, avx2, aes, clmul, erms, 3dnowpref, lzcnt, ht, tsc, tscinvbit, bmi1, bmi2, adx

Memory: 4k page, physical 16539104k(4739416k free), swap 31144656k(5912k free)

vm_info: OpenJDK 64-Bit Server VM (25.292-b10) for windows-amd64 JRE (1.8.0_292-b10), built on Apr 14 2021 23:06:53 by "Administrator" with MS VC++ 12.0 (VS2013)

time: Wed Jul 14 02:09:32 2021
timezone: Egypt Standard Time
elapsed time: 0.055378 seconds (0d 0h 0m 0s)

